

================================================================
== Vivado HLS Report for 'intrusion_detection'
================================================================
* Date:           Mon Dec 29 10:53:21 2025

* Version:        2018.2 (Build 2258646 on Thu Jun 14 20:25:20 MDT 2018)
* Project:        Exam_Project_HLS
* Solution:       solution1
* Product family: zynq
* Target device:  xc7z010clg400-1


================================================================
== Performance Estimates
================================================================
+ Timing (ns): 
    * Summary: 
    +--------+-------+----------+------------+
    |  Clock | Target| Estimated| Uncertainty|
    +--------+-------+----------+------------+
    |ap_clk  |   5.00|     4.371|        0.62|
    +--------+-------+----------+------------+

+ Latency (clock cycles): 
    * Summary: 
    +-----+-----+-----+-----+---------+
    |  Latency  |  Interval | Pipeline|
    | min | max | min | max |   Type  |
    +-----+-----+-----+-----+---------+
    |  163|  163|  163|  163|   none  |
    +-----+-----+-----+-----+---------+

    + Detail: 
        * Instance: 
        N/A

        * Loop: 
        +------------------------------+-----+-----+----------+-----------+-----------+------+----------+
        |                              |  Latency  | Iteration|  Initiation Interval  | Trip |          |
        |           Loop Name          | min | max |  Latency |  achieved |   target  | Count| Pipelined|
        +------------------------------+-----+-----+----------+-----------+-----------+------+----------+
        |- intrusion_detection_label0  |  162|  162|        18|          -|          -|     9|    no    |
        +------------------------------+-----+-----+----------+-----------+-----------+------+----------+



================================================================
== Utilization Estimates
================================================================
* Summary: 
+-----------------+---------+-------+-------+-------+
|       Name      | BRAM_18K| DSP48E|   FF  |  LUT  |
+-----------------+---------+-------+-------+-------+
|DSP              |        -|      -|      -|      -|
|Expression       |        -|      -|      0|    466|
|FIFO             |        -|      -|      -|      -|
|Instance         |        2|      4|    439|    303|
|Memory           |        -|      -|      -|      -|
|Multiplexer      |        -|      -|      -|    162|
|Register         |        -|      -|    355|      -|
+-----------------+---------+-------+-------+-------+
|Total            |        2|      4|    794|    931|
+-----------------+---------+-------+-------+-------+
|Available        |      120|     80|  35200|  17600|
+-----------------+---------+-------+-------+-------+
|Utilization (%)  |        1|      5|      2|      5|
+-----------------+---------+-------+-------+-------+

+ Detail: 
    * Instance: 
    +--------------------------------------+------------------------------------+---------+-------+-----+-----+
    |               Instance               |               Module               | BRAM_18K| DSP48E|  FF | LUT |
    +--------------------------------------+------------------------------------+---------+-------+-----+-----+
    |intrusion_detectibkb_U1               |intrusion_detectibkb                |        0|      4|  215|    1|
    |intrusion_detection_AXILiteS_s_axi_U  |intrusion_detection_AXILiteS_s_axi  |        2|      0|  224|  302|
    +--------------------------------------+------------------------------------+---------+-------+-----+-----+
    |Total                                 |                                    |        2|      4|  439|  303|
    +--------------------------------------+------------------------------------+---------+-------+-----+-----+

    * DSP48: 
    N/A

    * Memory: 
    N/A

    * FIFO: 
    N/A

    * Expression: 
    +---------------------+----------+-------+---+----+------------+------------+
    |    Variable Name    | Operation| DSP48E| FF| LUT| Bitwidth P0| Bitwidth P1|
    +---------------------+----------+-------+---+----+------------+------------+
    |grp_fu_186_p2        |     +    |      0|  0|  39|          32|          32|
    |i_1_fu_208_p2        |     +    |      0|  0|  13|           4|           1|
    |sum_2_8_fu_358_p2    |     +    |      0|  0|  39|          32|          32|
    |tmp1_fu_297_p2       |     +    |      0|  0|  32|          32|          32|
    |tmp2_fu_338_p2       |     +    |      0|  0|  32|          32|          32|
    |tmp3_fu_344_p2       |     +    |      0|  0|  32|          32|          32|
    |tmp4_fu_349_p2       |     +    |      0|  0|  32|          32|          32|
    |tmp_10_fu_313_p2     |     +    |      0|  0|  15|           8|           3|
    |tmp_11_fu_323_p2     |     +    |      0|  0|  15|           8|           4|
    |tmp_1_fu_303_p2      |     +    |      0|  0|  15|           8|           3|
    |tmp_3_fu_230_p2      |     +    |      0|  0|  15|           8|           8|
    |tmp_4_2_fu_333_p2    |     +    |      0|  0|  32|          32|          32|
    |tmp_4_fu_241_p2      |     +    |      0|  0|  15|           8|           1|
    |tmp_4_s_fu_291_p2    |     +    |      0|  0|  32|          32|          32|
    |tmp_6_fu_251_p2      |     +    |      0|  0|  15|           8|           2|
    |tmp_7_fu_261_p2      |     +    |      0|  0|  15|           8|           2|
    |tmp_8_fu_271_p2      |     +    |      0|  0|  15|           8|           3|
    |tmp_9_fu_281_p2      |     +    |      0|  0|  15|           8|           3|
    |tmp_fu_196_p2        |     +    |      0|  0|  39|          32|          32|
    |exitcond1_fu_202_p2  |   icmp   |      0|  0|   9|           4|           4|
    +---------------------+----------+-------+---+----+------------+------------+
    |Total                |          |      0|  0| 466|         368|         322|
    +---------------------+----------+-------+---+----+------------+------------+

    * Multiplexer: 
    +----------------------+----+-----------+-----+-----------+
    |         Name         | LUT| Input Size| Bits| Total Bits|
    +----------------------+----+-----------+-----+-----------+
    |ap_NS_fsm             |  97|         20|    1|         20|
    |camera_data_address0  |  47|         10|    7|         70|
    |i_reg_167             |   9|          2|    4|          8|
    |sum_reg_155           |   9|          2|   32|         64|
    +----------------------+----+-----------+-----+-----------+
    |Total                 | 162|         34|   44|        162|
    +----------------------+----+-----------+-----+-----------+

    * Register: 
    +----------------------------+----+----+-----+-----------+
    |            Name            | FF | LUT| Bits| Const Bits|
    +----------------------------+----+----+-----+-----------+
    |ap_CS_fsm                   |  19|   0|   19|          0|
    |camera_data_load_8_reg_438  |  32|   0|   32|          0|
    |i_1_reg_371                 |   4|   0|    4|          0|
    |i_reg_167                   |   4|   0|    4|          0|
    |reg_178                     |  32|   0|   32|          0|
    |reg_182                     |  32|   0|   32|          0|
    |reg_192                     |  32|   0|   32|          0|
    |sum_reg_155                 |  32|   0|   32|          0|
    |tmp1_reg_418                |  32|   0|   32|          0|
    |tmp2_reg_443                |  32|   0|   32|          0|
    |tmp4_reg_448                |  32|   0|   32|          0|
    |tmp_3_reg_376               |   8|   0|    8|          0|
    |tmp_5_reg_453               |  32|   0|   32|          0|
    |tmp_reg_363                 |  32|   0|   32|          0|
    +----------------------------+----+----+-----+-----------+
    |Total                       | 355|   0|  355|          0|
    +----------------------------+----+----+-----+-----------+



================================================================
== Interface
================================================================
* Summary: 
+------------------------+-----+-----+------------+---------------------+--------------+
|        RTL Ports       | Dir | Bits|  Protocol  |    Source Object    |    C Type    |
+------------------------+-----+-----+------------+---------------------+--------------+
|s_axi_AXILiteS_AWVALID  |  in |    1|    s_axi   |       AXILiteS      |     array    |
|s_axi_AXILiteS_AWREADY  | out |    1|    s_axi   |       AXILiteS      |     array    |
|s_axi_AXILiteS_AWADDR   |  in |   10|    s_axi   |       AXILiteS      |     array    |
|s_axi_AXILiteS_WVALID   |  in |    1|    s_axi   |       AXILiteS      |     array    |
|s_axi_AXILiteS_WREADY   | out |    1|    s_axi   |       AXILiteS      |     array    |
|s_axi_AXILiteS_WDATA    |  in |   32|    s_axi   |       AXILiteS      |     array    |
|s_axi_AXILiteS_WSTRB    |  in |    4|    s_axi   |       AXILiteS      |     array    |
|s_axi_AXILiteS_ARVALID  |  in |    1|    s_axi   |       AXILiteS      |     array    |
|s_axi_AXILiteS_ARREADY  | out |    1|    s_axi   |       AXILiteS      |     array    |
|s_axi_AXILiteS_ARADDR   |  in |   10|    s_axi   |       AXILiteS      |     array    |
|s_axi_AXILiteS_RVALID   | out |    1|    s_axi   |       AXILiteS      |     array    |
|s_axi_AXILiteS_RREADY   |  in |    1|    s_axi   |       AXILiteS      |     array    |
|s_axi_AXILiteS_RDATA    | out |   32|    s_axi   |       AXILiteS      |     array    |
|s_axi_AXILiteS_RRESP    | out |    2|    s_axi   |       AXILiteS      |     array    |
|s_axi_AXILiteS_BVALID   | out |    1|    s_axi   |       AXILiteS      |     array    |
|s_axi_AXILiteS_BREADY   |  in |    1|    s_axi   |       AXILiteS      |     array    |
|s_axi_AXILiteS_BRESP    | out |    2|    s_axi   |       AXILiteS      |     array    |
|ap_clk                  |  in |    1| ap_ctrl_hs | intrusion_detection | return value |
|ap_rst_n                |  in |    1| ap_ctrl_hs | intrusion_detection | return value |
|interrupt               | out |    1| ap_ctrl_hs | intrusion_detection | return value |
+------------------------+-----+-----+------------+---------------------+--------------+

